2024-04-18 16:28:04 DEBUG:busco.run_BUSCO	Command line: /g/data/xf3/zz3507/envs/busco/bin/busco -i /g/data/xf3/zz3507/Output/assemblyQ720KOntHifiHiC/fasta/assemblyQ720KOntHifiHiC.hic.hap2.p_ctg.fasta -o /g/data/xf3/zz3507/Output/assemblyQ720KOntHifiHiC/Busco -l /g/data/xf3/zz3507/database/lineage/embryophyta_odb10 -m geno --cpu 24 -f
2024-04-18 16:28:04 INFO:busco.run_BUSCO	***** Start a BUSCO v5.7.1 analysis, current time: 04/18/2024 16:28:04 *****
2024-04-18 16:28:04 DEBUG:busco.ConfigManager	Getting config file
2024-04-18 16:28:04 INFO:busco.ConfigManager	Configuring BUSCO with local environment
2024-04-18 16:28:04 INFO:busco.BuscoConfig	Running genome mode
2024-04-18 16:28:04 INFO:busco.BuscoDownloadManager	Downloading information on latest versions of BUSCO data...
2024-04-18 16:28:07 DEBUG:busco.BuscoConfig	State of BUSCO config before run:
2024-04-18 16:28:07 DEBUG:busco.BuscoConfig	{'_allow_no_value': False,
 '_comment_prefixes': ('#', ';'),
 '_converters': <configparser.ConverterMapping object at 0x7f66ad96ac50>,
 '_defaults': OrderedDict(),
 '_delimiters': ('=', ':'),
 '_dict': <class 'collections.OrderedDict'>,
 '_empty_lines_in_values': True,
 '_inline_comment_prefixes': (),
 '_input_filepath': '/g/data/xf3/zz3507/Output/assemblyQ720KOntHifiHiC/fasta/assemblyQ720KOntHifiHiC.hic.hap2.p_ctg.fasta',
 '_interpolation': <configparser.BasicInterpolation object at 0x7f66ae1f0910>,
 '_mode': 'genome',
 '_optcre': re.compile('\n        (?P<option>.*?)                    # very permissive!\n        \\s*(?P<vi>=|:)\\s*              # any number of space/tab,\n                                           # followed by any of t, re.VERBOSE),
 '_proxies': OrderedDict([('DEFAULT', <Section: DEFAULT>),
                          ('busco_run', <Section: busco_run>),
                          ('tblastn', <Section: tblastn>),
                          ('new_species.pl', <Section: new_species.pl>),
                          ('sepp', <Section: sepp>),
                          ('etraining', <Section: etraining>),
                          ('makeblastdb', <Section: makeblastdb>),
                          ('optimize_augustus.pl',
                           <Section: optimize_augustus.pl>),
                          ('bbtools', <Section: bbtools>),
                          ('metaeuk', <Section: metaeuk>),
                          ('miniprot', <Section: miniprot>),
                          ('prodigal', <Section: prodigal>),
                          ('augustus', <Section: augustus>),
                          ('hmmsearch', <Section: hmmsearch>),
                          ('gff2gbSmallDNA.pl', <Section: gff2gbSmallDNA.pl>)]),
 '_sections': OrderedDict([('busco_run',
                            OrderedDict([('out_path',
                                          '/g/data/xf3/zz3507/script/BUSCO'),
                                         ('cpu', '24'),
                                         ('force', 'True'),
                                         ('restart', 'False'),
                                         ('quiet', 'False'),
                                         ('download_path',
                                          '/g/data/xf3/zz3507/script/BUSCO/busco_downloads'),
                                         ('datasets_version', 'odb10'),
                                         ('offline', 'False'),
                                         ('download_base_url',
                                          'https://busco-data.ezlab.org/v5/data/'),
                                         ('auto-lineage', 'False'),
                                         ('auto-lineage-prok', 'False'),
                                         ('auto-lineage-euk', 'False'),
                                         ('use_augustus', 'False'),
                                         ('use_miniprot', 'False'),
                                         ('use_metaeuk', 'False'),
                                         ('skip_bbtools', 'False'),
                                         ('batch_mode', 'False'),
                                         ('tar', 'False'),
                                         ('opt-out-run-stats', 'False'),
                                         ('in',
                                          '/g/data/xf3/zz3507/Output/assemblyQ720KOntHifiHiC/fasta/assemblyQ720KOntHifiHiC.hic.hap2.p_ctg.fasta'),
                                         ('out',
                                          'g/data/xf3/zz3507/Output/assemblyQ720KOntHifiHiC/Busco'),
                                         ('mode', 'genome'),
                                         ('lineage_dataset',
                                          '/g/data/xf3/zz3507/database/lineage/embryophyta_odb10'),
                                         ('main_out',
                                          'g/data/xf3/zz3507/Output/assemblyQ720KOntHifiHiC/Busco')])),
                           ('tblastn',
                            OrderedDict([('path', ''), ('command', '')])),
                           ('new_species.pl',
                            OrderedDict([('path', ''), ('command', '')])),
                           ('sepp',
                            OrderedDict([('path', ''), ('command', '')])),
                           ('etraining',
                            OrderedDict([('path', ''), ('command', '')])),
                           ('makeblastdb',
                            OrderedDict([('path', ''), ('command', '')])),
                           ('optimize_augustus.pl',
                            OrderedDict([('path', ''), ('command', '')])),
                           ('bbtools',
                            OrderedDict([('path', ''), ('command', '')])),
                           ('metaeuk',
                            OrderedDict([('path', ''), ('command', '')])),
                           ('miniprot',
                            OrderedDict([('path', ''), ('command', '')])),
                           ('prodigal',
                            OrderedDict([('path', ''), ('command', '')])),
                           ('augustus',
                            OrderedDict([('path', ''), ('command', '')])),
                           ('hmmsearch',
                            OrderedDict([('path', ''), ('command', '')])),
                           ('gff2gbSmallDNA.pl',
                            OrderedDict([('path', ''), ('command', '')]))]),
 '_strict': True,
 'conf_file': 'local environment',
 'default_section': 'DEFAULT',
 'downloader': <busco.BuscoDownloadManager.BuscoDownloadManager object at 0x7f66bc291d90>,
 'main_out': 'g/data/xf3/zz3507/Output/assemblyQ720KOntHifiHiC/Busco',
 'params': {'augustus_parameters': None,
            'augustus_species': None,
            'auto-lineage': False,
            'auto-lineage-euk': False,
            'auto-lineage-prok': False,
            'config_file': None,
            'contig_break': None,
            'cpu': 24,
            'datasets_version': None,
            'download': '==SUPPRESS==',
            'download_base_url': None,
            'download_path': None,
            'evalue': None,
            'force': True,
            'help': '==SUPPRESS==',
            'in': '/g/data/xf3/zz3507/Output/assemblyQ720KOntHifiHiC/fasta/assemblyQ720KOntHifiHiC.hic.hap2.p_ctg.fasta',
            'limit': None,
            'lineage_dataset': '/g/data/xf3/zz3507/database/lineage/embryophyta_odb10',
            'list_datasets': '==SUPPRESS==',
            'long': False,
            'metaeuk_parameters': None,
            'metaeuk_rerun_parameters': None,
            'mode': 'geno',
            'offline': False,
            'opt-out-run-stats': False,
            'out': '/g/data/xf3/zz3507/Output/assemblyQ720KOntHifiHiC/Busco',
            'out_path': None,
            'quiet': False,
            'restart': False,
            'scaffold_composition': False,
            'skip_bbtools': False,
            'tar': False,
            'use_augustus': False,
            'use_metaeuk': False,
            'use_miniprot': False,
            'version': '==SUPPRESS=='},
 'run_stats': {'cpu': 24,
               'force': True,
               'input_file_size': 2111725858,
               'lineage_dataset': ['localpath/embryophyta_odb10'],
               'mode': 'geno'}}
2024-04-18 16:28:07 INFO:busco.BuscoRunner	Input file is /g/data/xf3/zz3507/Output/assemblyQ720KOntHifiHiC/fasta/assemblyQ720KOntHifiHiC.hic.hap2.p_ctg.fasta
2024-04-18 16:28:07 INFO:busco.BuscoDownloadManager	Using local lineages directory /g/data/xf3/zz3507/database/lineage/embryophyta_odb10
2024-04-18 16:28:07 WARNING:busco.BuscoConfig	The dataset you provided does not contain the file dataset.cfg and is not valid for BUSCO v4.0 or higher
2024-04-18 16:28:07 CRITICAL:busco.BuscoRunner	Unhandled exception occurred:
Traceback (most recent call last):
  File "/g/data/xf3/zz3507/envs/busco/lib/python3.7/configparser.py", line 788, in get
    value = d[option]
  File "/g/data/xf3/zz3507/envs/busco/lib/python3.7/collections/__init__.py", line 916, in __getitem__
    return self.__missing__(key)            # support subclasses that define __missing__
  File "/g/data/xf3/zz3507/envs/busco/lib/python3.7/collections/__init__.py", line 908, in __missing__
    raise KeyError(key)
KeyError: 'domain'

During handling of the above exception, another exception occurred:

Traceback (most recent call last):
  File "/g/data/xf3/zz3507/envs/busco/lib/python3.7/site-packages/busco/BuscoRunner.py", line 151, in run
    self.runner = AnalysisRunner(self.config)
  File "/g/data/xf3/zz3507/envs/busco/lib/python3.7/site-packages/busco/BuscoRunner.py", line 381, in __init__
    self.mode, self.domain = self.config.update_mode()
  File "/g/data/xf3/zz3507/envs/busco/lib/python3.7/site-packages/busco/BuscoConfig.py", line 235, in update_mode
    domain = self.get("busco_run", "domain")
  File "/g/data/xf3/zz3507/envs/busco/lib/python3.7/configparser.py", line 791, in get
    raise NoOptionError(option, section)
configparser.NoOptionError: No option 'domain' in section: 'busco_run'


2024-04-18 16:28:07 ERROR:busco.BuscoRunner	No option 'domain' in section: 'busco_run'
2024-04-18 16:28:07 DEBUG:busco.BuscoRunner	No option 'domain' in section: 'busco_run'
Traceback (most recent call last):
  File "/g/data/xf3/zz3507/envs/busco/lib/python3.7/configparser.py", line 788, in get
    value = d[option]
  File "/g/data/xf3/zz3507/envs/busco/lib/python3.7/collections/__init__.py", line 916, in __getitem__
    return self.__missing__(key)            # support subclasses that define __missing__
  File "/g/data/xf3/zz3507/envs/busco/lib/python3.7/collections/__init__.py", line 908, in __missing__
    raise KeyError(key)
KeyError: 'domain'

During handling of the above exception, another exception occurred:

Traceback (most recent call last):
  File "/g/data/xf3/zz3507/envs/busco/lib/python3.7/site-packages/busco/BuscoRunner.py", line 151, in run
    self.runner = AnalysisRunner(self.config)
  File "/g/data/xf3/zz3507/envs/busco/lib/python3.7/site-packages/busco/BuscoRunner.py", line 381, in __init__
    self.mode, self.domain = self.config.update_mode()
  File "/g/data/xf3/zz3507/envs/busco/lib/python3.7/site-packages/busco/BuscoConfig.py", line 235, in update_mode
    domain = self.get("busco_run", "domain")
  File "/g/data/xf3/zz3507/envs/busco/lib/python3.7/configparser.py", line 791, in get
    raise NoOptionError(option, section)
configparser.NoOptionError: No option 'domain' in section: 'busco_run'

During handling of the above exception, another exception occurred:

Traceback (most recent call last):
  File "/g/data/xf3/zz3507/envs/busco/lib/python3.7/site-packages/busco/run_BUSCO.py", line 74, in run
    runner.run()
  File "/g/data/xf3/zz3507/envs/busco/lib/python3.7/site-packages/busco/BuscoLogger.py", line 62, in wrapped_func
    self.retval = func(*args, **kwargs)
  File "/g/data/xf3/zz3507/envs/busco/lib/python3.7/site-packages/busco/BuscoRunner.py", line 197, in run
    raise BatchFatalError(str(exc_value))
busco.Exceptions.BatchFatalError: No option 'domain' in section: 'busco_run'
2024-04-18 16:28:07 ERROR:busco.BuscoRunner	BUSCO analysis failed!
2024-04-18 16:28:07 ERROR:busco.BuscoRunner	Check the logs, read the user guide (https://busco.ezlab.org/busco_userguide.html), and check the BUSCO issue board on https://gitlab.com/ezlab/busco/issues

2024-04-18 16:28:15 DEBUG:urllib3.connectionpool	Starting new HTTPS connection (1): busco-data.ezlab.org:443
2024-04-18 16:28:15 DEBUG:urllib3.connectionpool	Starting new HTTPS connection (1): busco-data.ezlab.org:443
2024-04-18 16:28:16 DEBUG:urllib3.connectionpool	https://busco-data.ezlab.org:443 "PUT /upload/rundata202404181628157744672.txt HTTP/1.1" 201 0
2024-04-18 16:28:16 DEBUG:urllib3.connectionpool	https://busco-data.ezlab.org:443 "PUT /upload/rundata202404181628157744672.txt HTTP/1.1" 201 0
2024-04-18 16:28:16 DEBUG:busco.run_BUSCO	File uploaded successfully.
